<?xml version="1.0" encoding="utf-8"?>
<coverage line-rate="0.8414" branch-rate="0.9056000000000001" version="1.9" timestamp="1768353496" lines-covered="1056" lines-valid="1255" branches-covered="96" branches-valid="106">
  <sources>
    <source>E:\Users\Alex\SAADComplaintManagementSystem\ComplaintManagementSystem\ComplaintManagementSystem\</source>
  </sources>
  <packages>
    <package name="ComplaintManagementSystem" line-rate="0.8414" branch-rate="0.9056000000000001" complexity="363">
      <classes>
        <class name="Validation" filename="Common\Validation.cs" line-rate="1" branch-rate="1" complexity="2">
          <methods>
            <method name="ValidateEmail" signature="(System.String)" line-rate="1" branch-rate="1" complexity="1">
              <lines>
                <line number="6" hits="33" branch="False" />
                <line number="8" hits="33" branch="False" />
                <line number="9" hits="33" branch="False" />
              </lines>
            </method>
            <method name="ValidatePostcode" signature="(System.String)" line-rate="1" branch-rate="1" complexity="1">
              <lines>
                <line number="11" hits="18" branch="False" />
                <line number="14" hits="18" branch="False" />
                <line number="15" hits="18" branch="False" />
              </lines>
            </method>
          </methods>
          <lines>
            <line number="6" hits="33" branch="False" />
            <line number="8" hits="33" branch="False" />
            <line number="9" hits="33" branch="False" />
            <line number="11" hits="18" branch="False" />
            <line number="14" hits="18" branch="False" />
            <line number="15" hits="18" branch="False" />
          </lines>
        </class>
        <class name="ComplaintsHostedService/&lt;AddConsumerNoteToComplaint&gt;d__1" filename="Complaints\ComplaintsHostedService.cs" line-rate="1" branch-rate="1" complexity="2">
          <methods>
            <method name="MoveNext" signature="()" line-rate="1" branch-rate="1" complexity="2">
              <lines>
                <line number="53" hits="20" branch="False" />
                <line number="54" hits="20" branch="True" condition-coverage="100% (2/2)">
                  <conditions>
                    <condition number="180" type="jump" coverage="100%" />
                  </conditions>
                </line>
                <line number="55" hits="1" branch="False" />
                <line number="56" hits="1" branch="False" />
                <line number="57" hits="1" branch="False" />
                <line number="58" hits="1" branch="False" />
                <line number="59" hits="1" branch="False" />
                <line number="62" hits="19" branch="False" />
                <line number="63" hits="19" branch="False" />
                <line number="64" hits="19" branch="False" />
                <line number="65" hits="19" branch="False" />
                <line number="66" hits="19" branch="False" />
                <line number="67" hits="19" branch="False" />
                <line number="68" hits="19" branch="False" />
                <line number="70" hits="19" branch="False" />
                <line number="72" hits="19" branch="False" />
                <line number="73" hits="19" branch="False" />
                <line number="74" hits="19" branch="False" />
                <line number="75" hits="19" branch="False" />
                <line number="76" hits="20" branch="False" />
              </lines>
            </method>
          </methods>
          <lines>
            <line number="53" hits="20" branch="False" />
            <line number="54" hits="20" branch="True" condition-coverage="100% (2/2)">
              <conditions>
                <condition number="180" type="jump" coverage="100%" />
              </conditions>
            </line>
            <line number="55" hits="1" branch="False" />
            <line number="56" hits="1" branch="False" />
            <line number="57" hits="1" branch="False" />
            <line number="58" hits="1" branch="False" />
            <line number="59" hits="1" branch="False" />
            <line number="62" hits="19" branch="False" />
            <line number="63" hits="19" branch="False" />
            <line number="64" hits="19" branch="False" />
            <line number="65" hits="19" branch="False" />
            <line number="66" hits="19" branch="False" />
            <line number="67" hits="19" branch="False" />
            <line number="68" hits="19" branch="False" />
            <line number="70" hits="19" branch="False" />
            <line number="72" hits="19" branch="False" />
            <line number="73" hits="19" branch="False" />
            <line number="74" hits="19" branch="False" />
            <line number="75" hits="19" branch="False" />
            <line number="76" hits="20" branch="False" />
          </lines>
        </class>
        <class name="ComplaintsHostedService/&lt;AddUserNoteToComplaint&gt;d__2" filename="Complaints\ComplaintsHostedService.cs" line-rate="1" branch-rate="1" complexity="2">
          <methods>
            <method name="MoveNext" signature="()" line-rate="1" branch-rate="1" complexity="2">
              <lines>
                <line number="78" hits="9" branch="False" />
                <line number="79" hits="9" branch="True" condition-coverage="100% (2/2)">
                  <conditions>
                    <condition number="180" type="jump" coverage="100%" />
                  </conditions>
                </line>
                <line number="80" hits="1" branch="False" />
                <line number="81" hits="1" branch="False" />
                <line number="82" hits="1" branch="False" />
                <line number="83" hits="1" branch="False" />
                <line number="84" hits="1" branch="False" />
                <line number="86" hits="8" branch="False" />
                <line number="87" hits="8" branch="False" />
                <line number="88" hits="8" branch="False" />
                <line number="89" hits="8" branch="False" />
                <line number="90" hits="8" branch="False" />
                <line number="91" hits="8" branch="False" />
                <line number="92" hits="8" branch="False" />
                <line number="94" hits="8" branch="False" />
                <line number="96" hits="8" branch="False" />
                <line number="97" hits="8" branch="False" />
                <line number="98" hits="8" branch="False" />
                <line number="99" hits="8" branch="False" />
                <line number="100" hits="9" branch="False" />
              </lines>
            </method>
          </methods>
          <lines>
            <line number="78" hits="9" branch="False" />
            <line number="79" hits="9" branch="True" condition-coverage="100% (2/2)">
              <conditions>
                <condition number="180" type="jump" coverage="100%" />
              </conditions>
            </line>
            <line number="80" hits="1" branch="False" />
            <line number="81" hits="1" branch="False" />
            <line number="82" hits="1" branch="False" />
            <line number="83" hits="1" branch="False" />
            <line number="84" hits="1" branch="False" />
            <line number="86" hits="8" branch="False" />
            <line number="87" hits="8" branch="False" />
            <line number="88" hits="8" branch="False" />
            <line number="89" hits="8" branch="False" />
            <line number="90" hits="8" branch="False" />
            <line number="91" hits="8" branch="False" />
            <line number="92" hits="8" branch="False" />
            <line number="94" hits="8" branch="False" />
            <line number="96" hits="8" branch="False" />
            <line number="97" hits="8" branch="False" />
            <line number="98" hits="8" branch="False" />
            <line number="99" hits="8" branch="False" />
            <line number="100" hits="9" branch="False" />
          </lines>
        </class>
        <class name="ComplaintsHostedService/&lt;AssignSupportEngineer&gt;d__7" filename="Complaints\ComplaintsHostedService.cs" line-rate="1" branch-rate="1" complexity="4">
          <methods>
            <method name="MoveNext" signature="()" line-rate="1" branch-rate="1" complexity="4">
              <lines>
                <line number="270" hits="5" branch="False" />
                <line number="271" hits="5" branch="True" condition-coverage="100% (2/2)">
                  <conditions>
                    <condition number="180" type="jump" coverage="100%" />
                  </conditions>
                </line>
                <line number="272" hits="1" branch="False" />
                <line number="273" hits="1" branch="False" />
                <line number="274" hits="1" branch="False" />
                <line number="275" hits="1" branch="False" />
                <line number="276" hits="1" branch="False" />
                <line number="277" hits="1" branch="False" />
                <line number="279" hits="4" branch="True" condition-coverage="100% (2/2)">
                  <conditions>
                    <condition number="367" type="jump" coverage="100%" />
                  </conditions>
                </line>
                <line number="280" hits="1" branch="False" />
                <line number="281" hits="1" branch="False" />
                <line number="282" hits="1" branch="False" />
                <line number="283" hits="1" branch="False" />
                <line number="284" hits="1" branch="False" />
                <line number="285" hits="1" branch="False" />
                <line number="287" hits="3" branch="False" />
                <line number="288" hits="3" branch="False" />
                <line number="289" hits="3" branch="False" />
                <line number="290" hits="3" branch="False" />
                <line number="291" hits="3" branch="False" />
                <line number="292" hits="5" branch="False" />
              </lines>
            </method>
          </methods>
          <lines>
            <line number="270" hits="5" branch="False" />
            <line number="271" hits="5" branch="True" condition-coverage="100% (2/2)">
              <conditions>
                <condition number="180" type="jump" coverage="100%" />
              </conditions>
            </line>
            <line number="272" hits="1" branch="False" />
            <line number="273" hits="1" branch="False" />
            <line number="274" hits="1" branch="False" />
            <line number="275" hits="1" branch="False" />
            <line number="276" hits="1" branch="False" />
            <line number="277" hits="1" branch="False" />
            <line number="279" hits="4" branch="True" condition-coverage="100% (2/2)">
              <conditions>
                <condition number="367" type="jump" coverage="100%" />
              </conditions>
            </line>
            <line number="280" hits="1" branch="False" />
            <line number="281" hits="1" branch="False" />
            <line number="282" hits="1" branch="False" />
            <line number="283" hits="1" branch="False" />
            <line number="284" hits="1" branch="False" />
            <line number="285" hits="1" branch="False" />
            <line number="287" hits="3" branch="False" />
            <line number="288" hits="3" branch="False" />
            <line number="289" hits="3" branch="False" />
            <line number="290" hits="3" branch="False" />
            <line number="291" hits="3" branch="False" />
            <line number="292" hits="5" branch="False" />
          </lines>
        </class>
        <class name="ComplaintsHostedService/&lt;ConsumerCloseComplaint&gt;d__4" filename="Complaints\ComplaintsHostedService.cs" line-rate="1" branch-rate="1" complexity="10">
          <methods>
            <method name="MoveNext" signature="()" line-rate="1" branch-rate="1" complexity="10">
              <lines>
                <line number="121" hits="4" branch="False" />
                <line number="122" hits="4" branch="True" condition-coverage="100% (2/2)">
                  <conditions>
                    <condition number="189" type="jump" coverage="100%" />
                  </conditions>
                </line>
                <line number="123" hits="1" branch="False" />
                <line number="124" hits="1" branch="False" />
                <line number="125" hits="1" branch="False" />
                <line number="126" hits="1" branch="False" />
                <line number="127" hits="1" branch="False" />
                <line number="128" hits="1" branch="False" />
                <line number="130" hits="3" branch="True" condition-coverage="100% (2/2)">
                  <conditions>
                    <condition number="257" type="jump" coverage="100%" />
                  </conditions>
                </line>
                <line number="131" hits="3" branch="False" />
                <line number="133" hits="3" branch="True" condition-coverage="100% (2/2)">
                  <conditions>
                    <condition number="325" type="jump" coverage="100%" />
                  </conditions>
                </line>
                <line number="134" hits="3" branch="False" />
                <line number="136" hits="3" branch="True" condition-coverage="100% (2/2)">
                  <conditions>
                    <condition number="584" type="jump" coverage="100%" />
                  </conditions>
                </line>
                <line number="137" hits="3" branch="False" />
                <line number="138" hits="3" branch="False" />
                <line number="139" hits="3" branch="False" />
                <line number="140" hits="3" branch="False" />
                <line number="141" hits="3" branch="False" />
                <line number="142" hits="3" branch="False" />
                <line number="143" hits="3" branch="False" />
                <line number="144" hits="3" branch="False" />
                <line number="145" hits="3" branch="False" />
                <line number="146" hits="2" branch="False" />
                <line number="147" hits="2" branch="False" />
                <line number="148" hits="2" branch="False" />
                <line number="149" hits="2" branch="False" />
                <line number="150" hits="2" branch="False" />
                <line number="151" hits="2" branch="False" />
                <line number="153" hits="1" branch="False" />
                <line number="155" hits="1" branch="True" condition-coverage="100% (2/2)">
                  <conditions>
                    <condition number="779" type="jump" coverage="100%" />
                  </conditions>
                </line>
                <line number="156" hits="1" branch="False" />
                <line number="157" hits="1" branch="False" />
                <line number="158" hits="1" branch="False" />
                <line number="159" hits="1" branch="False" />
                <line number="160" hits="1" branch="False" />
                <line number="161" hits="1" branch="False" />
                <line number="162" hits="1" branch="False" />
                <line number="163" hits="1" branch="False" />
                <line number="164" hits="1" branch="False" />
                <line number="165" hits="1" branch="False" />
                <line number="166" hits="1" branch="False" />
                <line number="167" hits="1" branch="False" />
                <line number="168" hits="4" branch="False" />
              </lines>
            </method>
          </methods>
          <lines>
            <line number="121" hits="4" branch="False" />
            <line number="122" hits="4" branch="True" condition-coverage="100% (2/2)">
              <conditions>
                <condition number="189" type="jump" coverage="100%" />
              </conditions>
            </line>
            <line number="123" hits="1" branch="False" />
            <line number="124" hits="1" branch="False" />
            <line number="125" hits="1" branch="False" />
            <line number="126" hits="1" branch="False" />
            <line number="127" hits="1" branch="False" />
            <line number="128" hits="1" branch="False" />
            <line number="130" hits="3" branch="True" condition-coverage="100% (2/2)">
              <conditions>
                <condition number="257" type="jump" coverage="100%" />
              </conditions>
            </line>
            <line number="131" hits="3" branch="False" />
            <line number="133" hits="3" branch="True" condition-coverage="100% (2/2)">
              <conditions>
                <condition number="325" type="jump" coverage="100%" />
              </conditions>
            </line>
            <line number="134" hits="3" branch="False" />
            <line number="136" hits="3" branch="True" condition-coverage="100% (2/2)">
              <conditions>
                <condition number="584" type="jump" coverage="100%" />
              </conditions>
            </line>
            <line number="137" hits="3" branch="False" />
            <line number="138" hits="3" branch="False" />
            <line number="139" hits="3" branch="False" />
            <line number="140" hits="3" branch="False" />
            <line number="141" hits="3" branch="False" />
            <line number="142" hits="3" branch="False" />
            <line number="143" hits="3" branch="False" />
            <line number="144" hits="3" branch="False" />
            <line number="145" hits="3" branch="False" />
            <line number="146" hits="2" branch="False" />
            <line number="147" hits="2" branch="False" />
            <line number="148" hits="2" branch="False" />
            <line number="149" hits="2" branch="False" />
            <line number="150" hits="2" branch="False" />
            <line number="151" hits="2" branch="False" />
            <line number="153" hits="1" branch="False" />
            <line number="155" hits="1" branch="True" condition-coverage="100% (2/2)">
              <conditions>
                <condition number="779" type="jump" coverage="100%" />
              </conditions>
            </line>
            <line number="156" hits="1" branch="False" />
            <line number="157" hits="1" branch="False" />
            <line number="158" hits="1" branch="False" />
            <line number="159" hits="1" branch="False" />
            <line number="160" hits="1" branch="False" />
            <line number="161" hits="1" branch="False" />
            <line number="162" hits="1" branch="False" />
            <line number="163" hits="1" branch="False" />
            <line number="164" hits="1" branch="False" />
            <line number="165" hits="1" branch="False" />
            <line number="166" hits="1" branch="False" />
            <line number="167" hits="1" branch="False" />
            <line number="168" hits="4" branch="False" />
          </lines>
        </class>
        <class name="ComplaintsHostedService/&lt;CreateComplaint&gt;d__0" filename="Complaints\ComplaintsHostedService.cs" line-rate="0.878" branch-rate="0.875" complexity="8">
          <methods>
            <method name="MoveNext" signature="()" line-rate="0.878" branch-rate="0.875" complexity="8">
              <lines>
                <line number="4" hits="18" branch="False" />
                <line number="5" hits="18" branch="False" />
                <line number="6" hits="18" branch="True" condition-coverage="100% (2/2)">
                  <conditions>
                    <condition number="61" type="jump" coverage="100%" />
                  </conditions>
                </line>
                <line number="7" hits="1" branch="False" />
                <line number="9" hits="18" branch="True" condition-coverage="100% (2/2)">
                  <conditions>
                    <condition number="101" type="jump" coverage="100%" />
                  </conditions>
                </line>
                <line number="10" hits="1" branch="False" />
                <line number="12" hits="18" branch="True" condition-coverage="100% (2/2)">
                  <conditions>
                    <condition number="138" type="jump" coverage="100%" />
                  </conditions>
                </line>
                <line number="13" hits="2" branch="False" />
                <line number="14" hits="2" branch="False" />
                <line number="15" hits="2" branch="False" />
                <line number="16" hits="2" branch="False" />
                <line number="17" hits="2" branch="False" />
                <line number="19" hits="16" branch="False" />
                <line number="20" hits="16" branch="False" />
                <line number="22" hits="16" branch="False" />
                <line number="23" hits="16" branch="False" />
                <line number="24" hits="16" branch="False" />
                <line number="25" hits="16" branch="False" />
                <line number="26" hits="16" branch="False" />
                <line number="27" hits="16" branch="False" />
                <line number="28" hits="16" branch="False" />
                <line number="30" hits="16" branch="False" />
                <line number="31" hits="16" branch="False" />
                <line number="32" hits="16" branch="False" />
                <line number="33" hits="16" branch="False" />
                <line number="34" hits="16" branch="False" />
                <line number="35" hits="16" branch="False" />
                <line number="37" hits="16" branch="False" />
                <line number="38" hits="16" branch="True" condition-coverage="50% (1/2)">
                  <conditions>
                    <condition number="662" type="jump" coverage="50%" />
                  </conditions>
                </line>
                <line number="39" hits="0" branch="False" />
                <line number="40" hits="0" branch="False" />
                <line number="41" hits="0" branch="False" />
                <line number="42" hits="0" branch="False" />
                <line number="43" hits="0" branch="False" />
                <line number="45" hits="16" branch="False" />
                <line number="46" hits="16" branch="False" />
                <line number="47" hits="16" branch="False" />
                <line number="48" hits="16" branch="False" />
                <line number="49" hits="16" branch="False" />
                <line number="50" hits="16" branch="False" />
                <line number="51" hits="18" branch="False" />
              </lines>
            </method>
          </methods>
          <lines>
            <line number="4" hits="18" branch="False" />
            <line number="5" hits="18" branch="False" />
            <line number="6" hits="18" branch="True" condition-coverage="100% (2/2)">
              <conditions>
                <condition number="61" type="jump" coverage="100%" />
              </conditions>
            </line>
            <line number="7" hits="1" branch="False" />
            <line number="9" hits="18" branch="True" condition-coverage="100% (2/2)">
              <conditions>
                <condition number="101" type="jump" coverage="100%" />
              </conditions>
            </line>
            <line number="10" hits="1" branch="False" />
            <line number="12" hits="18" branch="True" condition-coverage="100% (2/2)">
              <conditions>
                <condition number="138" type="jump" coverage="100%" />
              </conditions>
            </line>
            <line number="13" hits="2" branch="False" />
            <line number="14" hits="2" branch="False" />
            <line number="15" hits="2" branch="False" />
            <line number="16" hits="2" branch="False" />
            <line number="17" hits="2" branch="False" />
            <line number="19" hits="16" branch="False" />
            <line number="20" hits="16" branch="False" />
            <line number="22" hits="16" branch="False" />
            <line number="23" hits="16" branch="False" />
            <line number="24" hits="16" branch="False" />
            <line number="25" hits="16" branch="False" />
            <line number="26" hits="16" branch="False" />
            <line number="27" hits="16" branch="False" />
            <line number="28" hits="16" branch="False" />
            <line number="30" hits="16" branch="False" />
            <line number="31" hits="16" branch="False" />
            <line number="32" hits="16" branch="False" />
            <line number="33" hits="16" branch="False" />
            <line number="34" hits="16" branch="False" />
            <line number="35" hits="16" branch="False" />
            <line number="37" hits="16" branch="False" />
            <line number="38" hits="16" branch="True" condition-coverage="50% (1/2)">
              <conditions>
                <condition number="662" type="jump" coverage="50%" />
              </conditions>
            </line>
            <line number="39" hits="0" branch="False" />
            <line number="40" hits="0" branch="False" />
            <line number="41" hits="0" branch="False" />
            <line number="42" hits="0" branch="False" />
            <line number="43" hits="0" branch="False" />
            <line number="45" hits="16" branch="False" />
            <line number="46" hits="16" branch="False" />
            <line number="47" hits="16" branch="False" />
            <line number="48" hits="16" branch="False" />
            <line number="49" hits="16" branch="False" />
            <line number="50" hits="16" branch="False" />
            <line number="51" hits="18" branch="False" />
          </lines>
        </class>
        <class name="ComplaintsHostedService/&lt;GetAllComplaintsForUser&gt;d__9" filename="Complaints\ComplaintsHostedService.cs" line-rate="1" branch-rate="1" complexity="2">
          <methods>
            <method name="MoveNext" signature="()" line-rate="1" branch-rate="1" complexity="2">
              <lines>
                <line number="320" hits="2" branch="False" />
                <line number="321" hits="2" branch="False" />
                <line number="323" hits="2" branch="False" />
                <line number="324" hits="8" branch="True" condition-coverage="100% (2/2)">
                  <conditions>
                    <condition number="488" type="jump" coverage="100%" />
                  </conditions>
                </line>
                <line number="325" hits="1" branch="False" />
                <line number="326" hits="1" branch="False" />
                <line number="327" hits="1" branch="False" />
                <line number="328" hits="1" branch="False" />
                <line number="329" hits="1" branch="False" />
                <line number="330" hits="1" branch="False" />
                <line number="331" hits="1" branch="False" />
                <line number="332" hits="1" branch="False" />
                <line number="333" hits="1" branch="False" />
                <line number="334" hits="1" branch="False" />
                <line number="336" hits="2" branch="False" />
                <line number="337" hits="2" branch="False" />
                <line number="338" hits="2" branch="False" />
                <line number="339" hits="2" branch="False" />
                <line number="340" hits="2" branch="False" />
              </lines>
            </method>
          </methods>
          <lines>
            <line number="320" hits="2" branch="False" />
            <line number="321" hits="2" branch="False" />
            <line number="323" hits="2" branch="False" />
            <line number="324" hits="8" branch="True" condition-coverage="100% (2/2)">
              <conditions>
                <condition number="488" type="jump" coverage="100%" />
              </conditions>
            </line>
            <line number="325" hits="1" branch="False" />
            <line number="326" hits="1" branch="False" />
            <line number="327" hits="1" branch="False" />
            <line number="328" hits="1" branch="False" />
            <line number="329" hits="1" branch="False" />
            <line number="330" hits="1" branch="False" />
            <line number="331" hits="1" branch="False" />
            <line number="332" hits="1" branch="False" />
            <line number="333" hits="1" branch="False" />
            <line number="334" hits="1" branch="False" />
            <line number="336" hits="2" branch="False" />
            <line number="337" hits="2" branch="False" />
            <line number="338" hits="2" branch="False" />
            <line number="339" hits="2" branch="False" />
            <line number="340" hits="2" branch="False" />
          </lines>
        </class>
        <class name="ComplaintsHostedService/&lt;SearchComplaints&gt;d__3" filename="Complaints\ComplaintsHostedService.cs" line-rate="1" branch-rate="1" complexity="4">
          <methods>
            <method name="MoveNext" signature="()" line-rate="1" branch-rate="1" complexity="4">
              <lines>
                <line number="103" hits="5" branch="False" />
                <line number="104" hits="5" branch="False" />
                <line number="105" hits="5" branch="True" condition-coverage="100% (2/2)">
                  <conditions>
                    <condition number="50" type="jump" coverage="100%" />
                  </conditions>
                </line>
                <line number="106" hits="1" branch="False" />
                <line number="108" hits="5" branch="True" condition-coverage="100% (2/2)">
                  <conditions>
                    <condition number="116" type="jump" coverage="100%" />
                  </conditions>
                </line>
                <line number="109" hits="1" branch="False" />
                <line number="111" hits="5" branch="False" />
                <line number="113" hits="5" branch="False" />
                <line number="114" hits="5" branch="False" />
                <line number="115" hits="5" branch="False" />
                <line number="116" hits="5" branch="False" />
                <line number="117" hits="5" branch="False" />
                <line number="118" hits="5" branch="False" />
              </lines>
            </method>
          </methods>
          <lines>
            <line number="103" hits="5" branch="False" />
            <line number="104" hits="5" branch="False" />
            <line number="105" hits="5" branch="True" condition-coverage="100% (2/2)">
              <conditions>
                <condition number="50" type="jump" coverage="100%" />
              </conditions>
            </line>
            <line number="106" hits="1" branch="False" />
            <line number="108" hits="5" branch="True" condition-coverage="100% (2/2)">
              <conditions>
                <condition number="116" type="jump" coverage="100%" />
              </conditions>
            </line>
            <line number="109" hits="1" branch="False" />
            <line number="111" hits="5" branch="False" />
            <line number="113" hits="5" branch="False" />
            <line number="114" hits="5" branch="False" />
            <line number="115" hits="5" branch="False" />
            <line number="116" hits="5" branch="False" />
            <line number="117" hits="5" branch="False" />
            <line number="118" hits="5" branch="False" />
          </lines>
        </class>
        <class name="ComplaintsHostedService/&lt;UnassignSupportEngineer&gt;d__8" filename="Complaints\ComplaintsHostedService.cs" line-rate="1" branch-rate="1" complexity="4">
          <methods>
            <method name="MoveNext" signature="()" line-rate="1" branch-rate="1" complexity="4">
              <lines>
                <line number="295" hits="3" branch="False" />
                <line number="296" hits="3" branch="True" condition-coverage="100% (2/2)">
                  <conditions>
                    <condition number="180" type="jump" coverage="100%" />
                  </conditions>
                </line>
                <line number="297" hits="1" branch="False" />
                <line number="298" hits="1" branch="False" />
                <line number="299" hits="1" branch="False" />
                <line number="300" hits="1" branch="False" />
                <line number="301" hits="1" branch="False" />
                <line number="302" hits="1" branch="False" />
                <line number="304" hits="2" branch="True" condition-coverage="100% (2/2)">
                  <conditions>
                    <condition number="370" type="jump" coverage="100%" />
                  </conditions>
                </line>
                <line number="305" hits="1" branch="False" />
                <line number="306" hits="1" branch="False" />
                <line number="307" hits="1" branch="False" />
                <line number="308" hits="1" branch="False" />
                <line number="309" hits="1" branch="False" />
                <line number="310" hits="1" branch="False" />
                <line number="312" hits="1" branch="False" />
                <line number="313" hits="1" branch="False" />
                <line number="314" hits="1" branch="False" />
                <line number="315" hits="1" branch="False" />
                <line number="316" hits="1" branch="False" />
                <line number="317" hits="3" branch="False" />
              </lines>
            </method>
          </methods>
          <lines>
            <line number="295" hits="3" branch="False" />
            <line number="296" hits="3" branch="True" condition-coverage="100% (2/2)">
              <conditions>
                <condition number="180" type="jump" coverage="100%" />
              </conditions>
            </line>
            <line number="297" hits="1" branch="False" />
            <line number="298" hits="1" branch="False" />
            <line number="299" hits="1" branch="False" />
            <line number="300" hits="1" branch="False" />
            <line number="301" hits="1" branch="False" />
            <line number="302" hits="1" branch="False" />
            <line number="304" hits="2" branch="True" condition-coverage="100% (2/2)">
              <conditions>
                <condition number="370" type="jump" coverage="100%" />
              </conditions>
            </line>
            <line number="305" hits="1" branch="False" />
            <line number="306" hits="1" branch="False" />
            <line number="307" hits="1" branch="False" />
            <line number="308" hits="1" branch="False" />
            <line number="309" hits="1" branch="False" />
            <line number="310" hits="1" branch="False" />
            <line number="312" hits="1" branch="False" />
            <line number="313" hits="1" branch="False" />
            <line number="314" hits="1" branch="False" />
            <line number="315" hits="1" branch="False" />
            <line number="316" hits="1" branch="False" />
            <line number="317" hits="3" branch="False" />
          </lines>
        </class>
        <class name="ComplaintsHostedService/&lt;UserCloseComplaint&gt;d__5" filename="Complaints\ComplaintsHostedService.cs" line-rate="0.8088" branch-rate="0.9285" complexity="14">
          <methods>
            <method name="MoveNext" signature="()" line-rate="0.8088" branch-rate="0.9285" complexity="14">
              <lines>
                <line number="170" hits="5" branch="False" />
                <line number="171" hits="5" branch="True" condition-coverage="100% (2/2)">
                  <conditions>
                    <condition number="198" type="jump" coverage="100%" />
                  </conditions>
                </line>
                <line number="172" hits="1" branch="False" />
                <line number="173" hits="1" branch="False" />
                <line number="174" hits="1" branch="False" />
                <line number="175" hits="1" branch="False" />
                <line number="176" hits="1" branch="False" />
                <line number="177" hits="1" branch="False" />
                <line number="179" hits="4" branch="True" condition-coverage="100% (2/2)">
                  <conditions>
                    <condition number="266" type="jump" coverage="100%" />
                  </conditions>
                </line>
                <line number="180" hits="4" branch="False" />
                <line number="182" hits="4" branch="True" condition-coverage="100% (2/2)">
                  <conditions>
                    <condition number="334" type="jump" coverage="100%" />
                  </conditions>
                </line>
                <line number="183" hits="4" branch="False" />
                <line number="185" hits="4" branch="False" />
                <line number="186" hits="4" branch="False" />
                <line number="188" hits="4" branch="True" condition-coverage="100% (2/2)">
                  <conditions>
                    <condition number="553" type="jump" coverage="100%" />
                  </conditions>
                </line>
                <line number="189" hits="3" branch="False" />
                <line number="190" hits="3" branch="False" />
                <line number="191" hits="3" branch="False" />
                <line number="192" hits="3" branch="False" />
                <line number="193" hits="3" branch="False" />
                <line number="194" hits="3" branch="False" />
                <line number="195" hits="3" branch="False" />
                <line number="196" hits="3" branch="False" />
                <line number="197" hits="3" branch="False" />
                <line number="198" hits="3" branch="False" />
                <line number="199" hits="3" branch="False" />
                <line number="201" hits="3" branch="True" condition-coverage="100% (2/2)">
                  <conditions>
                    <condition number="807" type="jump" coverage="100%" />
                  </conditions>
                </line>
                <line number="202" hits="2" branch="False" />
                <line number="203" hits="2" branch="False" />
                <line number="204" hits="2" branch="False" />
                <line number="205" hits="2" branch="False" />
                <line number="206" hits="2" branch="False" />
                <line number="207" hits="2" branch="False" />
                <line number="209" hits="1" branch="True" condition-coverage="100% (2/2)">
                  <conditions>
                    <condition number="875" type="jump" coverage="100%" />
                  </conditions>
                </line>
                <line number="210" hits="1" branch="False" />
                <line number="211" hits="1" branch="False" />
                <line number="212" hits="1" branch="False" />
                <line number="213" hits="1" branch="False" />
                <line number="214" hits="1" branch="False" />
                <line number="215" hits="1" branch="False" />
                <line number="216" hits="1" branch="False" />
                <line number="217" hits="1" branch="False" />
                <line number="219" hits="1" branch="False" />
                <line number="220" hits="1" branch="False" />
                <line number="221" hits="1" branch="False" />
                <line number="222" hits="1" branch="False" />
                <line number="223" hits="1" branch="False" />
                <line number="225" hits="1" branch="True" condition-coverage="50% (1/2)">
                  <conditions>
                    <condition number="1141" type="jump" coverage="50%" />
                  </conditions>
                </line>
                <line number="226" hits="0" branch="False" />
                <line number="227" hits="0" branch="False" />
                <line number="228" hits="0" branch="False" />
                <line number="229" hits="0" branch="False" />
                <line number="230" hits="0" branch="False" />
                <line number="231" hits="0" branch="False" />
                <line number="232" hits="0" branch="False" />
                <line number="233" hits="0" branch="False" />
                <line number="234" hits="0" branch="False" />
                <line number="235" hits="0" branch="False" />
                <line number="236" hits="0" branch="False" />
                <line number="237" hits="0" branch="False" />
                <line number="238" hits="0" branch="False" />
                <line number="240" hits="1" branch="False" />
                <line number="241" hits="1" branch="False" />
                <line number="242" hits="1" branch="False" />
                <line number="243" hits="1" branch="False" />
                <line number="244" hits="1" branch="False" />
                <line number="245" hits="1" branch="False" />
                <line number="246" hits="5" branch="False" />
              </lines>
            </method>
          </methods>
          <lines>
            <line number="170" hits="5" branch="False" />
            <line number="171" hits="5" branch="True" condition-coverage="100% (2/2)">
              <conditions>
                <condition number="198" type="jump" coverage="100%" />
              </conditions>
            </line>
            <line number="172" hits="1" branch="False" />
            <line number="173" hits="1" branch="False" />
            <line number="174" hits="1" branch="False" />
            <line number="175" hits="1" branch="False" />
            <line number="176" hits="1" branch="False" />
            <line number="177" hits="1" branch="False" />
            <line number="179" hits="4" branch="True" condition-coverage="100% (2/2)">
              <conditions>
                <condition number="266" type="jump" coverage="100%" />
              </conditions>
            </line>
            <line number="180" hits="4" branch="False" />
            <line number="182" hits="4" branch="True" condition-coverage="100% (2/2)">
              <conditions>
                <condition number="334" type="jump" coverage="100%" />
              </conditions>
            </line>
            <line number="183" hits="4" branch="False" />
            <line number="185" hits="4" branch="False" />
            <line number="186" hits="4" branch="False" />
            <line number="188" hits="4" branch="True" condition-coverage="100% (2/2)">
              <conditions>
                <condition number="553" type="jump" coverage="100%" />
              </conditions>
            </line>
            <line number="189" hits="3" branch="False" />
            <line number="190" hits="3" branch="False" />
            <line number="191" hits="3" branch="False" />
            <line number="192" hits="3" branch="False" />
            <line number="193" hits="3" branch="False" />
            <line number="194" hits="3" branch="False" />
            <line number="195" hits="3" branch="False" />
            <line number="196" hits="3" branch="False" />
            <line number="197" hits="3" branch="False" />
            <line number="198" hits="3" branch="False" />
            <line number="199" hits="3" branch="False" />
            <line number="201" hits="3" branch="True" condition-coverage="100% (2/2)">
              <conditions>
                <condition number="807" type="jump" coverage="100%" />
              </conditions>
            </line>
            <line number="202" hits="2" branch="False" />
            <line number="203" hits="2" branch="False" />
            <line number="204" hits="2" branch="False" />
            <line number="205" hits="2" branch="False" />
            <line number="206" hits="2" branch="False" />
            <line number="207" hits="2" branch="False" />
            <line number="209" hits="1" branch="True" condition-coverage="100% (2/2)">
              <conditions>
                <condition number="875" type="jump" coverage="100%" />
              </conditions>
            </line>
            <line number="210" hits="1" branch="False" />
            <line number="211" hits="1" branch="False" />
            <line number="212" hits="1" branch="False" />
            <line number="213" hits="1" branch="False" />
            <line number="214" hits="1" branch="False" />
            <line number="215" hits="1" branch="False" />
            <line number="216" hits="1" branch="False" />
            <line number="217" hits="1" branch="False" />
            <line number="219" hits="1" branch="False" />
            <line number="220" hits="1" branch="False" />
            <line number="221" hits="1" branch="False" />
            <line number="222" hits="1" branch="False" />
            <line number="223" hits="1" branch="False" />
            <line number="225" hits="1" branch="True" condition-coverage="50% (1/2)">
              <conditions>
                <condition number="1141" type="jump" coverage="50%" />
              </conditions>
            </line>
            <line number="226" hits="0" branch="False" />
            <line number="227" hits="0" branch="False" />
            <line number="228" hits="0" branch="False" />
            <line number="229" hits="0" branch="False" />
            <line number="230" hits="0" branch="False" />
            <line number="231" hits="0" branch="False" />
            <line number="232" hits="0" branch="False" />
            <line number="233" hits="0" branch="False" />
            <line number="234" hits="0" branch="False" />
            <line number="235" hits="0" branch="False" />
            <line number="236" hits="0" branch="False" />
            <line number="237" hits="0" branch="False" />
            <line number="238" hits="0" branch="False" />
            <line number="240" hits="1" branch="False" />
            <line number="241" hits="1" branch="False" />
            <line number="242" hits="1" branch="False" />
            <line number="243" hits="1" branch="False" />
            <line number="244" hits="1" branch="False" />
            <line number="245" hits="1" branch="False" />
            <line number="246" hits="5" branch="False" />
          </lines>
        </class>
        <class name="ComplaintsHostedService/&lt;ViewComplaint&gt;d__6" filename="Complaints\ComplaintsHostedService.cs" line-rate="1" branch-rate="1" complexity="2">
          <methods>
            <method name="MoveNext" signature="()" line-rate="1" branch-rate="1" complexity="2">
              <lines>
                <line number="248" hits="14" branch="False" />
                <line number="249" hits="14" branch="True" condition-coverage="100% (2/2)">
                  <conditions>
                    <condition number="155" type="jump" coverage="100%" />
                  </conditions>
                </line>
                <line number="250" hits="1" branch="False" />
                <line number="251" hits="1" branch="False" />
                <line number="252" hits="1" branch="False" />
                <line number="253" hits="1" branch="False" />
                <line number="254" hits="1" branch="False" />
                <line number="255" hits="1" branch="False" />
                <line number="257" hits="13" branch="False" />
                <line number="259" hits="13" branch="False" />
                <line number="261" hits="13" branch="False" />
                <line number="262" hits="13" branch="False" />
                <line number="263" hits="13" branch="False" />
                <line number="264" hits="13" branch="False" />
                <line number="265" hits="13" branch="False" />
                <line number="266" hits="13" branch="False" />
                <line number="267" hits="14" branch="False" />
              </lines>
            </method>
          </methods>
          <lines>
            <line number="248" hits="14" branch="False" />
            <line number="249" hits="14" branch="True" condition-coverage="100% (2/2)">
              <conditions>
                <condition number="155" type="jump" coverage="100%" />
              </conditions>
            </line>
            <line number="250" hits="1" branch="False" />
            <line number="251" hits="1" branch="False" />
            <line number="252" hits="1" branch="False" />
            <line number="253" hits="1" branch="False" />
            <line number="254" hits="1" branch="False" />
            <line number="255" hits="1" branch="False" />
            <line number="257" hits="13" branch="False" />
            <line number="259" hits="13" branch="False" />
            <line number="261" hits="13" branch="False" />
            <line number="262" hits="13" branch="False" />
            <line number="263" hits="13" branch="False" />
            <line number="264" hits="13" branch="False" />
            <line number="265" hits="13" branch="False" />
            <line number="266" hits="13" branch="False" />
            <line number="267" hits="14" branch="False" />
          </lines>
        </class>
        <class name="AssignSupportEngineerToComplaintRequest" filename="Complaints\Types\AssignSupportEngineerToComplaint.cs" line-rate="1" branch-rate="1" complexity="3">
          <methods>
            <method name="get_UserReference" signature="()" line-rate="1" branch-rate="1" complexity="1">
              <lines>
                <line number="3" hits="12" branch="False" />
              </lines>
            </method>
            <method name="get_BusinessReference" signature="()" line-rate="1" branch-rate="1" complexity="1">
              <lines>
                <line number="4" hits="10" branch="False" />
              </lines>
            </method>
            <method name="get_ComplaintReference" signature="()" line-rate="1" branch-rate="1" complexity="1">
              <lines>
                <line number="5" hits="17" branch="False" />
              </lines>
            </method>
          </methods>
          <lines>
            <line number="3" hits="12" branch="False" />
            <line number="4" hits="10" branch="False" />
            <line number="5" hits="17" branch="False" />
          </lines>
        </class>
        <class name="AssignSupportEngineerToComplaintResponse" filename="Complaints\Types\AssignSupportEngineerToComplaint.cs" line-rate="1" branch-rate="1" complexity="3">
          <methods>
            <method name="get_IsSuccessful" signature="()" line-rate="1" branch-rate="1" complexity="1">
              <lines>
                <line number="9" hits="7" branch="False" />
              </lines>
            </method>
            <method name="get_ErrorCode" signature="()" line-rate="1" branch-rate="1" complexity="1">
              <lines>
                <line number="10" hits="4" branch="False" />
              </lines>
            </method>
            <method name="get_Error" signature="()" line-rate="1" branch-rate="1" complexity="1">
              <lines>
                <line number="11" hits="4" branch="False" />
              </lines>
            </method>
          </methods>
          <lines>
            <line number="9" hits="7" branch="False" />
            <line number="10" hits="4" branch="False" />
            <line number="11" hits="4" branch="False" />
          </lines>
        </class>
        <class name="ComplaintsSearchRequest" filename="Complaints\Types\ComplaintsSearch.cs" line-rate="1" branch-rate="1" complexity="6">
          <methods>
            <method name="get_FirstNote" signature="()" line-rate="1" branch-rate="1" complexity="1">
              <lines>
                <line number="5" hits="7" branch="False" />
              </lines>
            </method>
            <method name="get_ConsumerEmail" signature="()" line-rate="1" branch-rate="1" complexity="1">
              <lines>
                <line number="6" hits="14" branch="False" />
              </lines>
            </method>
            <method name="get_ConsumerPostCode" signature="()" line-rate="1" branch-rate="1" complexity="1">
              <lines>
                <line number="7" hits="14" branch="False" />
              </lines>
            </method>
            <method name="get_ComplaintReference" signature="()" line-rate="1" branch-rate="1" complexity="1">
              <lines>
                <line number="8" hits="9" branch="False" />
              </lines>
            </method>
            <method name="get_IsOpen" signature="()" line-rate="1" branch-rate="1" complexity="1">
              <lines>
                <line number="9" hits="5" branch="False" />
              </lines>
            </method>
            <method name="get_BusinessReference" signature="()" line-rate="1" branch-rate="1" complexity="1">
              <lines>
                <line number="10" hits="9" branch="False" />
              </lines>
            </method>
          </methods>
          <lines>
            <line number="5" hits="7" branch="False" />
            <line number="6" hits="14" branch="False" />
            <line number="7" hits="14" branch="False" />
            <line number="8" hits="9" branch="False" />
            <line number="9" hits="5" branch="False" />
            <line number="10" hits="9" branch="False" />
          </lines>
        </class>
        <class name="ComplaintsSearchResponse" filename="Complaints\Types\ComplaintsSearch.cs" line-rate="0.6666" branch-rate="1" complexity="3">
          <methods>
            <method name="get_Complaints" signature="()" line-rate="1" branch-rate="1" complexity="1">
              <lines>
                <line number="14" hits="15" branch="False" />
              </lines>
            </method>
            <method name="get_IsSuccess" signature="()" line-rate="1" branch-rate="1" complexity="1">
              <lines>
                <line number="15" hits="6" branch="False" />
              </lines>
            </method>
            <method name="get_Errors" signature="()" line-rate="0" branch-rate="1" complexity="1">
              <lines>
                <line number="16" hits="0" branch="False" />
              </lines>
            </method>
          </methods>
          <lines>
            <line number="14" hits="15" branch="False" />
            <line number="15" hits="6" branch="False" />
            <line number="16" hits="0" branch="False" />
          </lines>
        </class>
        <class name="ComplaintInformation" filename="Complaints\Types\ComplaintsSearch.cs" line-rate="1" branch-rate="1" complexity="5">
          <methods>
            <method name="get_Reference" signature="()" line-rate="1" branch-rate="1" complexity="1">
              <lines>
                <line number="20" hits="9" branch="False" />
              </lines>
            </method>
            <method name="get_FirstMessage" signature="()" line-rate="1" branch-rate="1" complexity="1">
              <lines>
                <line number="21" hits="10" branch="False" />
              </lines>
            </method>
            <method name="get_TimeOpened" signature="()" line-rate="1" branch-rate="1" complexity="1">
              <lines>
                <line number="22" hits="5" branch="False" />
              </lines>
            </method>
            <method name="get_LastUpdated" signature="()" line-rate="1" branch-rate="1" complexity="1">
              <lines>
                <line number="23" hits="5" branch="False" />
              </lines>
            </method>
            <method name="get_IsOpen" signature="()" line-rate="1" branch-rate="1" complexity="1">
              <lines>
                <line number="24" hits="5" branch="False" />
              </lines>
            </method>
          </methods>
          <lines>
            <line number="20" hits="9" branch="False" />
            <line number="21" hits="10" branch="False" />
            <line number="22" hits="5" branch="False" />
            <line number="23" hits="5" branch="False" />
            <line number="24" hits="5" branch="False" />
          </lines>
        </class>
        <class name="ConsumerCloseComplaintRequest" filename="Complaints\Types\ConsumerCloseComplaint.cs" line-rate="1" branch-rate="1" complexity="5">
          <methods>
            <method name="get_ComplaintReference" signature="()" line-rate="1" branch-rate="1" complexity="1">
              <lines>
                <line number="3" hits="13" branch="False" />
              </lines>
            </method>
            <method name="get_BusinessReference" signature="()" line-rate="1" branch-rate="1" complexity="1">
              <lines>
                <line number="4" hits="13" branch="False" />
              </lines>
            </method>
            <method name="get_ConsumerEmail" signature="()" line-rate="1" branch-rate="1" complexity="1">
              <lines>
                <line number="5" hits="16" branch="False" />
              </lines>
            </method>
            <method name="get_ConsumerPostcode" signature="()" line-rate="1" branch-rate="1" complexity="1">
              <lines>
                <line number="6" hits="16" branch="False" />
              </lines>
            </method>
            <method name="get_Feedback" signature="()" line-rate="1" branch-rate="1" complexity="1">
              <lines>
                <line number="7" hits="6" branch="False" />
              </lines>
            </method>
          </methods>
          <lines>
            <line number="3" hits="13" branch="False" />
            <line number="4" hits="13" branch="False" />
            <line number="5" hits="16" branch="False" />
            <line number="6" hits="16" branch="False" />
            <line number="7" hits="6" branch="False" />
          </lines>
        </class>
        <class name="ConsumerCloseComplaintResponse" filename="Complaints\Types\ConsumerCloseComplaint.cs" line-rate="1" branch-rate="1" complexity="3">
          <methods>
            <method name="get_IsSuccessful" signature="()" line-rate="1" branch-rate="1" complexity="1">
              <lines>
                <line number="11" hits="7" branch="False" />
              </lines>
            </method>
            <method name="get_ErrorCode" signature="()" line-rate="1" branch-rate="1" complexity="1">
              <lines>
                <line number="12" hits="6" branch="False" />
              </lines>
            </method>
            <method name="get_ErrorMessage" signature="()" line-rate="1" branch-rate="1" complexity="1">
              <lines>
                <line number="13" hits="6" branch="False" />
              </lines>
            </method>
          </methods>
          <lines>
            <line number="11" hits="7" branch="False" />
            <line number="12" hits="6" branch="False" />
            <line number="13" hits="6" branch="False" />
          </lines>
        </class>
        <class name="CreateComplaintRequest" filename="Complaints\Types\CreateComplaint.cs" line-rate="1" branch-rate="1" complexity="4">
          <methods>
            <method name="get_ConsumerEmail" signature="()" line-rate="1" branch-rate="1" complexity="1">
              <lines>
                <line number="3" hits="52" branch="False" />
              </lines>
            </method>
            <method name="get_ConsumerPostcode" signature="()" line-rate="1" branch-rate="1" complexity="1">
              <lines>
                <line number="4" hits="52" branch="False" />
              </lines>
            </method>
            <method name="get_FirstMessage" signature="()" line-rate="1" branch-rate="1" complexity="1">
              <lines>
                <line number="5" hits="50" branch="False" />
              </lines>
            </method>
            <method name="get_BusinessReference" signature="()" line-rate="1" branch-rate="1" complexity="1">
              <lines>
                <line number="6" hits="50" branch="False" />
              </lines>
            </method>
          </methods>
          <lines>
            <line number="3" hits="52" branch="False" />
            <line number="4" hits="52" branch="False" />
            <line number="5" hits="50" branch="False" />
            <line number="6" hits="50" branch="False" />
          </lines>
        </class>
        <class name="CreateComplaintResponse" filename="Complaints\Types\CreateComplaint.cs" line-rate="1" branch-rate="1" complexity="3">
          <methods>
            <method name="get_ComplaintReference" signature="()" line-rate="1" branch-rate="1" complexity="1">
              <lines>
                <line number="10" hits="32" branch="False" />
              </lines>
            </method>
            <method name="get_IsSuccessful" signature="()" line-rate="1" branch-rate="1" complexity="1">
              <lines>
                <line number="11" hits="20" branch="False" />
              </lines>
            </method>
            <method name="get_Errors" signature="()" line-rate="1" branch-rate="1" complexity="1">
              <lines>
                <line number="12" hits="20" branch="False" />
              </lines>
            </method>
          </methods>
          <lines>
            <line number="10" hits="32" branch="False" />
            <line number="11" hits="20" branch="False" />
            <line number="12" hits="20" branch="False" />
          </lines>
        </class>
        <class name="CreateNewNoteConsumerRequest" filename="Complaints\Types\CreateNewConsumerNote.cs" line-rate="1" branch-rate="1" complexity="3">
          <methods>
            <method name="get_ComplaintReference" signature="()" line-rate="1" branch-rate="1" complexity="1">
              <lines>
                <line number="5" hits="78" branch="False" />
              </lines>
            </method>
            <method name="get_BusinessReference" signature="()" line-rate="1" branch-rate="1" complexity="1">
              <lines>
                <line number="6" hits="59" branch="False" />
              </lines>
            </method>
            <method name="get_NoteText" signature="()" line-rate="1" branch-rate="1" complexity="1">
              <lines>
                <line number="7" hits="39" branch="False" />
              </lines>
            </method>
          </methods>
          <lines>
            <line number="5" hits="78" branch="False" />
            <line number="6" hits="59" branch="False" />
            <line number="7" hits="39" branch="False" />
          </lines>
        </class>
        <class name="CreateNewNoteConsumerResponse" filename="Complaints\Types\CreateNewConsumerNote.cs" line-rate="1" branch-rate="1" complexity="2">
          <methods>
            <method name="get_IsSuccess" signature="()" line-rate="1" branch-rate="1" complexity="1">
              <lines>
                <line number="11" hits="21" branch="False" />
              </lines>
            </method>
            <method name="get_Errors" signature="()" line-rate="1" branch-rate="1" complexity="1">
              <lines>
                <line number="12" hits="38" branch="False" />
              </lines>
            </method>
          </methods>
          <lines>
            <line number="11" hits="21" branch="False" />
            <line number="12" hits="38" branch="False" />
          </lines>
        </class>
        <class name="CreateNewNoteUserRequest" filename="Complaints\Types\CreateNewUserNote.cs" line-rate="1" branch-rate="1" complexity="5">
          <methods>
            <method name="get_ComplaintReference" signature="()" line-rate="1" branch-rate="1" complexity="1">
              <lines>
                <line number="3" hits="34" branch="False" />
              </lines>
            </method>
            <method name="get_BusinessReference" signature="()" line-rate="1" branch-rate="1" complexity="1">
              <lines>
                <line number="4" hits="26" branch="False" />
              </lines>
            </method>
            <method name="get_UserReference" signature="()" line-rate="1" branch-rate="1" complexity="1">
              <lines>
                <line number="5" hits="17" branch="False" />
              </lines>
            </method>
            <method name="get_NoteText" signature="()" line-rate="1" branch-rate="1" complexity="1">
              <lines>
                <line number="6" hits="17" branch="False" />
              </lines>
            </method>
            <method name="get_IsPublic" signature="()" line-rate="1" branch-rate="1" complexity="1">
              <lines>
                <line number="7" hits="17" branch="False" />
              </lines>
            </method>
          </methods>
          <lines>
            <line number="3" hits="34" branch="False" />
            <line number="4" hits="26" branch="False" />
            <line number="5" hits="17" branch="False" />
            <line number="6" hits="17" branch="False" />
            <line number="7" hits="17" branch="False" />
          </lines>
        </class>
        <class name="CreateNewNoteUserResponse" filename="Complaints\Types\CreateNewUserNote.cs" line-rate="1" branch-rate="1" complexity="2">
          <methods>
            <method name="get_IsSuccess" signature="()" line-rate="1" branch-rate="1" complexity="1">
              <lines>
                <line number="11" hits="10" branch="False" />
              </lines>
            </method>
            <method name="get_Errors" signature="()" line-rate="1" branch-rate="1" complexity="1">
              <lines>
                <line number="12" hits="11" branch="False" />
              </lines>
            </method>
          </methods>
          <lines>
            <line number="11" hits="10" branch="False" />
            <line number="12" hits="11" branch="False" />
          </lines>
        </class>
        <class name="GetAllComplaintsForUserRequest" filename="Complaints\Types\GetAllComplaintsForUser.cs" line-rate="1" branch-rate="1" complexity="2">
          <methods>
            <method name="get_UserReference" signature="()" line-rate="1" branch-rate="1" complexity="1">
              <lines>
                <line number="5" hits="4" branch="False" />
              </lines>
            </method>
            <method name="get_BusinessReference" signature="()" line-rate="1" branch-rate="1" complexity="1">
              <lines>
                <line number="6" hits="3" branch="False" />
              </lines>
            </method>
          </methods>
          <lines>
            <line number="5" hits="4" branch="False" />
            <line number="6" hits="3" branch="False" />
          </lines>
        </class>
        <class name="GetAllComplaintsForUserResponse" filename="Complaints\Types\GetAllComplaintsForUser.cs" line-rate="0.6666" branch-rate="1" complexity="3">
          <methods>
            <method name="get_Complaints" signature="()" line-rate="1" branch-rate="1" complexity="1">
              <lines>
                <line number="10" hits="4" branch="False" />
              </lines>
            </method>
            <method name="get_IsSucessful" signature="()" line-rate="1" branch-rate="1" complexity="1">
              <lines>
                <line number="11" hits="2" branch="False" />
              </lines>
            </method>
            <method name="get_Error" signature="()" line-rate="0" branch-rate="1" complexity="1">
              <lines>
                <line number="12" hits="0" branch="False" />
              </lines>
            </method>
          </methods>
          <lines>
            <line number="10" hits="4" branch="False" />
            <line number="11" hits="2" branch="False" />
            <line number="12" hits="0" branch="False" />
          </lines>
        </class>
        <class name="ComplatintInfo" filename="Complaints\Types\GetAllComplaintsForUser.cs" line-rate="0" branch-rate="1" complexity="4">
          <methods>
            <method name="get_Reference" signature="()" line-rate="0" branch-rate="1" complexity="1">
              <lines>
                <line number="16" hits="0" branch="False" />
              </lines>
            </method>
            <method name="get_FirstMessage" signature="()" line-rate="0" branch-rate="1" complexity="1">
              <lines>
                <line number="17" hits="0" branch="False" />
              </lines>
            </method>
            <method name="get_CreatedAt" signature="()" line-rate="0" branch-rate="1" complexity="1">
              <lines>
                <line number="18" hits="0" branch="False" />
              </lines>
            </method>
            <method name="get_LastUpdated" signature="()" line-rate="0" branch-rate="1" complexity="1">
              <lines>
                <line number="19" hits="0" branch="False" />
              </lines>
            </method>
          </methods>
          <lines>
            <line number="16" hits="0" branch="False" />
            <line number="17" hits="0" branch="False" />
            <line number="18" hits="0" branch="False" />
            <line number="19" hits="0" branch="False" />
          </lines>
        </class>
        <class name="UnassignSupportEngineerFromComplaintRequest" filename="Complaints\Types\UnassignSupportEngineerFromComplaint.cs" line-rate="1" branch-rate="1" complexity="3">
          <methods>
            <method name="get_UserReference" signature="()" line-rate="1" branch-rate="1" complexity="1">
              <lines>
                <line number="3" hits="6" branch="False" />
              </lines>
            </method>
            <method name="get_BusinessReference" signature="()" line-rate="1" branch-rate="1" complexity="1">
              <lines>
                <line number="4" hits="6" branch="False" />
              </lines>
            </method>
            <method name="get_ComplaintReference" signature="()" line-rate="1" branch-rate="1" complexity="1">
              <lines>
                <line number="5" hits="9" branch="False" />
              </lines>
            </method>
          </methods>
          <lines>
            <line number="3" hits="6" branch="False" />
            <line number="4" hits="6" branch="False" />
            <line number="5" hits="9" branch="False" />
          </lines>
        </class>
        <class name="UnassignSupportEngineerFromComplaintResponse" filename="Complaints\Types\UnassignSupportEngineerFromComplaint.cs" line-rate="1" branch-rate="1" complexity="3">
          <methods>
            <method name="get_IsSuccessful" signature="()" line-rate="1" branch-rate="1" complexity="1">
              <lines>
                <line number="9" hits="5" branch="False" />
              </lines>
            </method>
            <method name="get_ErrorCode" signature="()" line-rate="1" branch-rate="1" complexity="1">
              <lines>
                <line number="10" hits="4" branch="False" />
              </lines>
            </method>
            <method name="get_Error" signature="()" line-rate="1" branch-rate="1" complexity="1">
              <lines>
                <line number="11" hits="4" branch="False" />
              </lines>
            </method>
          </methods>
          <lines>
            <line number="9" hits="5" branch="False" />
            <line number="10" hits="4" branch="False" />
            <line number="11" hits="4" branch="False" />
          </lines>
        </class>
        <class name="UserCloseComplaintRequest" filename="Complaints\Types\UserCloseComplaint.cs" line-rate="1" branch-rate="1" complexity="7">
          <methods>
            <method name="get_ComplaintReference" signature="()" line-rate="1" branch-rate="1" complexity="1">
              <lines>
                <line number="3" hits="18" branch="False" />
              </lines>
            </method>
            <method name="get_UserReference" signature="()" line-rate="1" branch-rate="1" complexity="1">
              <lines>
                <line number="4" hits="3" branch="False" />
              </lines>
            </method>
            <method name="get_BusinessReference" signature="()" line-rate="1" branch-rate="1" complexity="1">
              <lines>
                <line number="5" hits="18" branch="False" />
              </lines>
            </method>
            <method name="get_ConsumerEmail" signature="()" line-rate="1" branch-rate="1" complexity="1">
              <lines>
                <line number="6" hits="21" branch="False" />
              </lines>
            </method>
            <method name="get_ConsumerPostcode" signature="()" line-rate="1" branch-rate="1" complexity="1">
              <lines>
                <line number="7" hits="20" branch="False" />
              </lines>
            </method>
            <method name="get_Reason" signature="()" line-rate="1" branch-rate="1" complexity="1">
              <lines>
                <line number="8" hits="12" branch="False" />
              </lines>
            </method>
            <method name="get_Feedback" signature="()" line-rate="1" branch-rate="1" complexity="1">
              <lines>
                <line number="9" hits="7" branch="False" />
              </lines>
            </method>
          </methods>
          <lines>
            <line number="3" hits="18" branch="False" />
            <line number="4" hits="3" branch="False" />
            <line number="5" hits="18" branch="False" />
            <line number="6" hits="21" branch="False" />
            <line number="7" hits="20" branch="False" />
            <line number="8" hits="12" branch="False" />
            <line number="9" hits="7" branch="False" />
          </lines>
        </class>
        <class name="UserCloseComplaintResponse" filename="Complaints\Types\UserCloseComplaint.cs" line-rate="1" branch-rate="1" complexity="4">
          <methods>
            <method name="get_ConsumerEmail" signature="()" line-rate="1" branch-rate="1" complexity="1">
              <lines>
                <line number="13" hits="1" branch="False" />
              </lines>
            </method>
            <method name="get_IsSuccessful" signature="()" line-rate="1" branch-rate="1" complexity="1">
              <lines>
                <line number="15" hits="9" branch="False" />
              </lines>
            </method>
            <method name="get_ErrorCode" signature="()" line-rate="1" branch-rate="1" complexity="1">
              <lines>
                <line number="16" hits="8" branch="False" />
              </lines>
            </method>
            <method name="get_ErrorMessage" signature="()" line-rate="1" branch-rate="1" complexity="1">
              <lines>
                <line number="17" hits="8" branch="False" />
              </lines>
            </method>
          </methods>
          <lines>
            <line number="13" hits="1" branch="False" />
            <line number="15" hits="9" branch="False" />
            <line number="16" hits="8" branch="False" />
            <line number="17" hits="8" branch="False" />
          </lines>
        </class>
        <class name="ViewComplaintRequest" filename="Complaints\Types\ViewComplaint.cs" line-rate="1" branch-rate="1" complexity="3">
          <methods>
            <method name="get_ComplaintReference" signature="()" line-rate="1" branch-rate="1" complexity="1">
              <lines>
                <line number="3" hits="54" branch="False" />
              </lines>
            </method>
            <method name="get_BusinessReference" signature="()" line-rate="1" branch-rate="1" complexity="1">
              <lines>
                <line number="4" hits="41" branch="False" />
              </lines>
            </method>
            <method name="get_GetPrivate" signature="()" line-rate="1" branch-rate="1" complexity="1">
              <lines>
                <line number="5" hits="27" branch="False" />
              </lines>
            </method>
          </methods>
          <lines>
            <line number="3" hits="54" branch="False" />
            <line number="4" hits="41" branch="False" />
            <line number="5" hits="27" branch="False" />
          </lines>
        </class>
        <class name="ViewComplaintResponse" filename="Complaints\Types\ViewComplaint.cs" line-rate="1" branch-rate="1" complexity="5">
          <methods>
            <method name="get_Notes" signature="()" line-rate="1" branch-rate="1" complexity="1">
              <lines>
                <line number="9" hits="20" branch="False" />
              </lines>
            </method>
            <method name="get_IsOpen" signature="()" line-rate="1" branch-rate="1" complexity="1">
              <lines>
                <line number="10" hits="20" branch="False" />
              </lines>
            </method>
            <method name="get_IsSuccessful" signature="()" line-rate="1" branch-rate="1" complexity="1">
              <lines>
                <line number="11" hits="15" branch="False" />
              </lines>
            </method>
            <method name="get_ErrorCode" signature="()" line-rate="1" branch-rate="1" complexity="1">
              <lines>
                <line number="12" hits="2" branch="False" />
              </lines>
            </method>
            <method name="get_ErrorMessage" signature="()" line-rate="1" branch-rate="1" complexity="1">
              <lines>
                <line number="13" hits="2" branch="False" />
              </lines>
            </method>
          </methods>
          <lines>
            <line number="9" hits="20" branch="False" />
            <line number="10" hits="20" branch="False" />
            <line number="11" hits="15" branch="False" />
            <line number="12" hits="2" branch="False" />
            <line number="13" hits="2" branch="False" />
          </lines>
        </class>
        <class name="Note" filename="Complaints\Types\ViewComplaint.cs" line-rate="1" branch-rate="1" complexity="5">
          <methods>
            <method name="get_Id" signature="()" line-rate="1" branch-rate="1" complexity="1">
              <lines>
                <line number="17" hits="30" branch="False" />
              </lines>
            </method>
            <method name="get_NoteText" signature="()" line-rate="1" branch-rate="1" complexity="1">
              <lines>
                <line number="18" hits="35" branch="False" />
              </lines>
            </method>
            <method name="get_UserReference" signature="()" line-rate="1" branch-rate="1" complexity="1">
              <lines>
                <line number="19" hits="33" branch="False" />
              </lines>
            </method>
            <method name="get_IsPublic" signature="()" line-rate="1" branch-rate="1" complexity="1">
              <lines>
                <line number="20" hits="35" branch="False" />
              </lines>
            </method>
            <method name="get_TimePosted" signature="()" line-rate="1" branch-rate="1" complexity="1">
              <lines>
                <line number="21" hits="30" branch="False" />
              </lines>
            </method>
          </methods>
          <lines>
            <line number="17" hits="30" branch="False" />
            <line number="18" hits="35" branch="False" />
            <line number="19" hits="33" branch="False" />
[...]
            <line number="8" hits="24" branch="False" />
          </lines>
        </class>
        <class name="ValidateApiKeyRequest" filename="Organisation\Types\ValidateApiKey.cs" line-rate="1" branch-rate="1" complexity="1">
          <methods>
            <method name="get_ApiKey" signature="()" line-rate="1" branch-rate="1" complexity="1">
              <lines>
                <line number="3" hits="4" branch="False" />
              </lines>
            </method>
          </methods>
          <lines>
            <line number="3" hits="4" branch="False" />
          </lines>
        </class>
        <class name="ValidateApiKeyResponse" filename="Organisation\Types\ValidateApiKey.cs" line-rate="1" branch-rate="1" complexity="1">
          <methods>
            <method name="get_BusinessReference" signature="()" line-rate="1" branch-rate="1" complexity="1">
              <lines>
                <line number="7" hits="4" branch="False" />
              </lines>
            </method>
          </methods>
          <lines>
            <line number="7" hits="4" branch="False" />
          </lines>
        </class>
        <class name="Program" filename="Program.cs" line-rate="0" branch-rate="0" complexity="2">
          <methods>
            <method name="&lt;Main&gt;$" signature="(System.String[])" line-rate="0" branch-rate="0" complexity="2">
              <lines>
                <line number="4" hits="0" branch="False" />
                <line number="8" hits="0" branch="False" />
                <line number="10" hits="0" branch="False" />
                <line number="11" hits="0" branch="False" />
                <line number="12" hits="0" branch="False" />
                <line number="13" hits="0" branch="False" />
                <line number="14" hits="0" branch="False" />
                <line number="15" hits="0" branch="False" />
                <line number="16" hits="0" branch="False" />
                <line number="17" hits="0" branch="False" />
                <line number="18" hits="0" branch="False" />
                <line number="19" hits="0" branch="False" />
                <line number="20" hits="0" branch="False" />
                <line number="21" hits="0" branch="False" />
                <line number="22" hits="0" branch="False" />
                <line number="23" hits="0" branch="False" />
                <line number="24" hits="0" branch="False" />
                <line number="25" hits="0" branch="False" />
                <line number="26" hits="0" branch="False" />
                <line number="27" hits="0" branch="False" />
                <line number="28" hits="0" branch="False" />
                <line number="29" hits="0" branch="False" />
                <line number="30" hits="0" branch="False" />
                <line number="31" hits="0" branch="False" />
                <line number="32" hits="0" branch="False" />
                <line number="33" hits="0" branch="False" />
                <line number="34" hits="0" branch="False" />
                <line number="35" hits="0" branch="False" />
                <line number="36" hits="0" branch="False" />
                <line number="37" hits="0" branch="False" />
                <line number="38" hits="0" branch="False" />
                <line number="39" hits="0" branch="False" />
                <line number="40" hits="0" branch="False" />
                <line number="41" hits="0" branch="False" />
                <line number="42" hits="0" branch="False" />
                <line number="43" hits="0" branch="False" />
                <line number="44" hits="0" branch="False" />
                <line number="45" hits="0" branch="False" />
                <line number="46" hits="0" branch="False" />
                <line number="47" hits="0" branch="False" />
                <line number="48" hits="0" branch="False" />
                <line number="49" hits="0" branch="False" />
                <line number="50" hits="0" branch="False" />
                <line number="51" hits="0" branch="False" />
                <line number="52" hits="0" branch="False" />
                <line number="53" hits="0" branch="False" />
                <line number="54" hits="0" branch="False" />
                <line number="55" hits="0" branch="False" />
                <line number="56" hits="0" branch="False" />
                <line number="57" hits="0" branch="False" />
                <line number="58" hits="0" branch="False" />
                <line number="59" hits="0" branch="False" />
                <line number="60" hits="0" branch="False" />
                <line number="61" hits="0" branch="False" />
                <line number="62" hits="0" branch="False" />
                <line number="64" hits="0" branch="False" />
                <line number="65" hits="0" branch="False" />
                <line number="67" hits="0" branch="False" />
                <line number="70" hits="0" branch="True" condition-coverage="0% (0/2)">
                  <conditions>
                    <condition number="117" type="jump" coverage="0%" />
                  </conditions>
                </line>
                <line number="71" hits="0" branch="False" />
                <line number="72" hits="0" branch="False" />
                <line number="73" hits="0" branch="False" />
                <line number="74" hits="0" branch="False" />
                <line number="76" hits="0" branch="False" />
                <line number="78" hits="0" branch="False" />
                <line number="80" hits="0" branch="False" />
                <line number="82" hits="0" branch="False" />
                <line number="84" hits="0" branch="False" />
              </lines>
            </method>
          </methods>
          <lines>
            <line number="4" hits="0" branch="False" />
            <line number="8" hits="0" branch="False" />
            <line number="10" hits="0" branch="False" />
            <line number="11" hits="0" branch="False" />
            <line number="12" hits="0" branch="False" />
            <line number="13" hits="0" branch="False" />
            <line number="14" hits="0" branch="False" />
            <line number="15" hits="0" branch="False" />
            <line number="16" hits="0" branch="False" />
            <line number="17" hits="0" branch="False" />
            <line number="18" hits="0" branch="False" />
            <line number="19" hits="0" branch="False" />
            <line number="20" hits="0" branch="False" />
            <line number="21" hits="0" branch="False" />
            <line number="22" hits="0" branch="False" />
            <line number="23" hits="0" branch="False" />
            <line number="24" hits="0" branch="False" />
            <line number="25" hits="0" branch="False" />
            <line number="26" hits="0" branch="False" />
            <line number="27" hits="0" branch="False" />
            <line number="28" hits="0" branch="False" />
            <line number="29" hits="0" branch="False" />
            <line number="30" hits="0" branch="False" />
            <line number="31" hits="0" branch="False" />
            <line number="32" hits="0" branch="False" />
            <line number="33" hits="0" branch="False" />
            <line number="34" hits="0" branch="False" />
            <line number="35" hits="0" branch="False" />
            <line number="36" hits="0" branch="False" />
            <line number="37" hits="0" branch="False" />
            <line number="38" hits="0" branch="False" />
            <line number="39" hits="0" branch="False" />
            <line number="40" hits="0" branch="False" />
            <line number="41" hits="0" branch="False" />
            <line number="42" hits="0" branch="False" />
            <line number="43" hits="0" branch="False" />
            <line number="44" hits="0" branch="False" />
            <line number="45" hits="0" branch="False" />
            <line number="46" hits="0" branch="False" />
            <line number="47" hits="0" branch="False" />
            <line number="48" hits="0" branch="False" />
            <line number="49" hits="0" branch="False" />
            <line number="50" hits="0" branch="False" />
            <line number="51" hits="0" branch="False" />
            <line number="52" hits="0" branch="False" />
            <line number="53" hits="0" branch="False" />
            <line number="54" hits="0" branch="False" />
            <line number="55" hits="0" branch="False" />
            <line number="56" hits="0" branch="False" />
            <line number="57" hits="0" branch="False" />
            <line number="58" hits="0" branch="False" />
            <line number="59" hits="0" branch="False" />
            <line number="60" hits="0" branch="False" />
            <line number="61" hits="0" branch="False" />
            <line number="62" hits="0" branch="False" />
            <line number="64" hits="0" branch="False" />
            <line number="65" hits="0" branch="False" />
            <line number="67" hits="0" branch="False" />
            <line number="70" hits="0" branch="True" condition-coverage="0% (0/2)">
              <conditions>
                <condition number="117" type="jump" coverage="0%" />
              </conditions>
            </line>
            <line number="71" hits="0" branch="False" />
            <line number="72" hits="0" branch="False" />
            <line number="73" hits="0" branch="False" />
            <line number="74" hits="0" branch="False" />
            <line number="76" hits="0" branch="False" />
            <line number="78" hits="0" branch="False" />
            <line number="80" hits="0" branch="False" />
            <line number="82" hits="0" branch="False" />
            <line number="84" hits="0" branch="False" />
          </lines>
        </class>
        <class name="HashHostedService" filename="Security\HashHostedService.cs" line-rate="1" branch-rate="1" complexity="3">
          <methods>
            <method name="HashPasswordAndGenerateSalt" signature="(HashPasswordAndGenerateSaltRequest)" line-rate="1" branch-rate="1" complexity="1">
              <lines>
                <line number="6" hits="2" branch="False" />
                <line number="8" hits="2" branch="False" />
                <line number="10" hits="2" branch="False" />
                <line number="11" hits="2" branch="False" />
                <line number="12" hits="2" branch="False" />
                <line number="13" hits="2" branch="False" />
                <line number="14" hits="2" branch="False" />
                <line number="15" hits="2" branch="False" />
                <line number="16" hits="2" branch="False" />
                <line number="17" hits="2" branch="False" />
                <line number="18" hits="2" branch="False" />
                <line number="19" hits="2" branch="False" />
              </lines>
            </method>
            <method name="HashPassword" signature="(HashPasswordRequest)" line-rate="1" branch-rate="1" complexity="2">
              <lines>
                <line number="22" hits="4" branch="False" />
                <line number="23" hits="4" branch="False" />
                <line number="24" hits="4" branch="False" />
                <line number="25" hits="4" branch="False" />
                <line number="26" hits="4" branch="False" />
                <line number="27" hits="268" branch="True" condition-coverage="100% (2/2)">
                  <conditions>
                    <condition number="94" type="jump" coverage="100%" />
                  </conditions>
                </line>
                <line number="28" hits="128" branch="False" />
                <line number="29" hits="128" branch="False" />
                <line number="30" hits="128" branch="False" />
                <line number="31" hits="4" branch="False" />
                <line number="32" hits="4" branch="False" />
                <line number="33" hits="4" branch="False" />
                <line number="34" hits="4" branch="False" />
                <line number="35" hits="4" branch="False" />
                <line number="36" hits="4" branch="False" />
              </lines>
            </method>
          </methods>
          <lines>
            <line number="6" hits="2" branch="False" />
            <line number="8" hits="2" branch="False" />
            <line number="10" hits="2" branch="False" />
            <line number="11" hits="2" branch="False" />
            <line number="12" hits="2" branch="False" />
            <line number="13" hits="2" branch="False" />
            <line number="14" hits="2" branch="False" />
            <line number="15" hits="2" branch="False" />
            <line number="16" hits="2" branch="False" />
            <line number="17" hits="2" branch="False" />
            <line number="18" hits="2" branch="False" />
            <line number="19" hits="2" branch="False" />
            <line number="22" hits="4" branch="False" />
            <line number="23" hits="4" branch="False" />
            <line number="24" hits="4" branch="False" />
            <line number="25" hits="4" branch="False" />
            <line number="26" hits="4" branch="False" />
            <line number="27" hits="268" branch="True" condition-coverage="100% (2/2)">
              <conditions>
                <condition number="94" type="jump" coverage="100%" />
              </conditions>
            </line>
            <line number="28" hits="128" branch="False" />
            <line number="29" hits="128" branch="False" />
            <line number="30" hits="128" branch="False" />
            <line number="31" hits="4" branch="False" />
            <line number="32" hits="4" branch="False" />
            <line number="33" hits="4" branch="False" />
            <line number="34" hits="4" branch="False" />
            <line number="35" hits="4" branch="False" />
            <line number="36" hits="4" branch="False" />
          </lines>
        </class>
        <class name="HashPasswordRequest" filename="Security\Types\HashPassword.cs" line-rate="1" branch-rate="1" complexity="2">
          <methods>
            <method name="get_Password" signature="()" line-rate="1" branch-rate="1" complexity="1">
              <lines>
                <line number="3" hits="8" branch="False" />
              </lines>
            </method>
            <method name="get_Salt" signature="()" line-rate="1" branch-rate="1" complexity="1">
              <lines>
                <line number="4" hits="8" branch="False" />
              </lines>
            </method>
          </methods>
          <lines>
            <line number="3" hits="8" branch="False" />
            <line number="4" hits="8" branch="False" />
          </lines>
        </class>
        <class name="HashPasswordResponse" filename="Security\Types\HashPassword.cs" line-rate="1" branch-rate="1" complexity="1">
          <methods>
            <method name="get_HashedPassword" signature="()" line-rate="1" branch-rate="1" complexity="1">
              <lines>
                <line number="9" hits="9" branch="False" />
              </lines>
            </method>
          </methods>
          <lines>
            <line number="9" hits="9" branch="False" />
          </lines>
        </class>
        <class name="HashPasswordAndGenerateSaltRequest" filename="Security\Types\HashPasswordAndGenerateSalt.cs" line-rate="1" branch-rate="1" complexity="1">
          <methods>
            <method name="get_Password" signature="()" line-rate="1" branch-rate="1" complexity="1">
              <lines>
                <line number="3" hits="4" branch="False" />
              </lines>
            </method>
          </methods>
          <lines>
            <line number="3" hits="4" branch="False" />
          </lines>
        </class>
        <class name="HashPasswordAndGenerateSaltResponse" filename="Security\Types\HashPasswordAndGenerateSalt.cs" line-rate="1" branch-rate="1" complexity="2">
          <methods>
            <method name="get_HashsedPassword" signature="()" line-rate="1" branch-rate="1" complexity="1">
              <lines>
                <line number="7" hits="5" branch="False" />
              </lines>
            </method>
            <method name="get_Salt" signature="()" line-rate="1" branch-rate="1" complexity="1">
              <lines>
                <line number="8" hits="5" branch="False" />
              </lines>
            </method>
          </methods>
          <lines>
            <line number="7" hits="5" branch="False" />
            <line number="8" hits="5" branch="False" />
          </lines>
        </class>
        <class name="ComplaintManagementSystem.Database.Complaints.Types.ComplaintsDto" filename="Database\Complaints\Types\ComplaintsDto.cs" line-rate="1" branch-rate="1" complexity="10">
          <methods>
            <method name="get_Reference" signature="()" line-rate="1" branch-rate="1" complexity="1">
              <lines>
                <line number="5" hits="2" branch="False" />
              </lines>
            </method>
            <method name="get_ConsumerEmail" signature="()" line-rate="1" branch-rate="1" complexity="1">
              <lines>
                <line number="6" hits="1" branch="False" />
              </lines>
            </method>
            <method name="get_ConsumerPostcode" signature="()" line-rate="1" branch-rate="1" complexity="1">
              <lines>
                <line number="7" hits="1" branch="False" />
              </lines>
            </method>
            <method name="get_FirstMessage" signature="()" line-rate="1" branch-rate="1" complexity="1">
              <lines>
                <line number="8" hits="2" branch="False" />
              </lines>
            </method>
            <method name="get_BusinessReference" signature="()" line-rate="1" branch-rate="1" complexity="1">
              <lines>
                <line number="9" hits="1" branch="False" />
              </lines>
            </method>
            <method name="get_TimeOpened" signature="()" line-rate="1" branch-rate="1" complexity="1">
              <lines>
                <line number="10" hits="2" branch="False" />
              </lines>
            </method>
            <method name="get_IsOpen" signature="()" line-rate="1" branch-rate="1" complexity="1">
              <lines>
                <line number="11" hits="1" branch="False" />
              </lines>
            </method>
            <method name="get_ClosedBy" signature="()" line-rate="1" branch-rate="1" complexity="1">
              <lines>
                <line number="12" hits="1" branch="False" />
              </lines>
            </method>
            <method name="get_ClosedReason" signature="()" line-rate="1" branch-rate="1" complexity="1">
              <lines>
                <line number="13" hits="1" branch="False" />
              </lines>
            </method>
            <method name="get_LastUpdated" signature="()" line-rate="1" branch-rate="1" complexity="1">
              <lines>
                <line number="14" hits="2" branch="False" />
              </lines>
            </method>
          </methods>
          <lines>
            <line number="5" hits="2" branch="False" />
            <line number="6" hits="1" branch="False" />
            <line number="7" hits="1" branch="False" />
            <line number="8" hits="2" branch="False" />
            <line number="9" hits="1" branch="False" />
            <line number="10" hits="2" branch="False" />
            <line number="11" hits="1" branch="False" />
            <line number="12" hits="1" branch="False" />
            <line number="13" hits="1" branch="False" />
            <line number="14" hits="2" branch="False" />
          </lines>
        </class>
      </classes>
    </package>
  </packages>
</coverage>